2017-05-09 04:12:36 DEBUG LoadPlanTreePrinter:55 - LoadPlan(entity=com.weather.account.model.User)
    - Returns
       - EntityReturnImpl(entity=com.weather.account.model.User, querySpaceUid=<gen:0>, path=com.weather.account.model.User)
          - CollectionAttributeFetchImpl(collection=com.weather.account.model.User.roles, querySpaceUid=<gen:1>, path=com.weather.account.model.User.roles)
             - (collection element) CollectionFetchableElementEntityGraph(entity=com.weather.account.model.Role, querySpaceUid=<gen:2>, path=com.weather.account.model.User.roles.<elements>)
    - QuerySpaces
       - EntityQuerySpaceImpl(uid=<gen:0>, entity=com.weather.account.model.User)
          - SQL table alias mapping - user0_
          - alias suffix - 0_
          - suffixed key columns - {id1_2_0_}

2017-05-09 04:12:36 DEBUG EntityLoader:115 - Static select for entity com.weather.account.model.User [FORCE]: select user0_.id as id1_2_0_, user0_.email as email2_2_0_, user0_.password as password3_2_0_, user0_.phone as phone4_2_0_, user0_.username as username5_2_0_ from user user0_ where user0_.id=? for update
2017-05-09 04:12:36 DEBUG QuerySpacesImpl:174 - Adding QuerySpace : uid = <gen:0> -> org.hibernate.loader.plan.build.internal.spaces.EntityQuerySpaceImpl@71dfdd7e]
2017-05-09 04:12:36 DEBUG MetamodelGraphWalker:137 - Visiting attribute path : email
2017-05-09 04:12:36 DEBUG MetamodelGraphWalker:137 - Visiting attribute path : password
2017-05-09 04:12:36 DEBUG MetamodelGraphWalker:137 - Visiting attribute path : phone
2017-05-09 04:12:36 DEBUG MetamodelGraphWalker:137 - Visiting attribute path : roles
2017-05-09 04:12:36 DEBUG QuerySpacesImpl:174 - Adding QuerySpace : uid = <gen:1> -> org.hibernate.loader.plan.build.internal.spaces.CollectionQuerySpaceImpl@1646cb74]
2017-05-09 04:12:36 DEBUG QuerySpacesImpl:174 - Adding QuerySpace : uid = <gen:2> -> org.hibernate.loader.plan.build.internal.spaces.EntityQuerySpaceImpl@e5e5dc7]
2017-05-09 04:12:36 DEBUG MetamodelGraphWalker:137 - Visiting attribute path : username
2017-05-09 04:12:36 DEBUG FetchStyleLoadPlanBuildingAssociationVisitationStrategy:150 - Building LoadPlan...
2017-05-09 04:12:36 DEBUG LoadQueryJoinAndFetchProcessor:101 - processing queryspace <gen:0>
2017-05-09 04:12:36 DEBUG LoadPlanTreePrinter:55 - LoadPlan(entity=com.weather.account.model.User)
    - Returns
       - EntityReturnImpl(entity=com.weather.account.model.User, querySpaceUid=<gen:0>, path=com.weather.account.model.User)
          - CollectionAttributeFetchImpl(collection=com.weather.account.model.User.roles, querySpaceUid=<gen:1>, path=com.weather.account.model.User.roles)
             - (collection element) CollectionFetchableElementEntityGraph(entity=com.weather.account.model.Role, querySpaceUid=<gen:2>, path=com.weather.account.model.User.roles.<elements>)
    - QuerySpaces
       - EntityQuerySpaceImpl(uid=<gen:0>, entity=com.weather.account.model.User)
          - SQL table alias mapping - user0_
          - alias suffix - 0_
          - suffixed key columns - {id1_2_0_}

2017-05-09 04:12:36 DEBUG EntityLoader:115 - Static select for entity com.weather.account.model.User [PESSIMISTIC_READ]: select user0_.id as id1_2_0_, user0_.email as email2_2_0_, user0_.password as password3_2_0_, user0_.phone as phone4_2_0_, user0_.username as username5_2_0_ from user user0_ where user0_.id=? lock in share mode
2017-05-09 04:12:36 DEBUG QuerySpacesImpl:174 - Adding QuerySpace : uid = <gen:0> -> org.hibernate.loader.plan.build.internal.spaces.EntityQuerySpaceImpl@165455f]
2017-05-09 04:12:36 DEBUG MetamodelGraphWalker:137 - Visiting attribute path : email
2017-05-09 04:12:36 DEBUG MetamodelGraphWalker:137 - Visiting attribute path : password
2017-05-09 04:12:36 DEBUG MetamodelGraphWalker:137 - Visiting attribute path : phone
2017-05-09 04:12:36 DEBUG MetamodelGraphWalker:137 - Visiting attribute path : roles
2017-05-09 04:12:36 DEBUG QuerySpacesImpl:174 - Adding QuerySpace : uid = <gen:1> -> org.hibernate.loader.plan.build.internal.spaces.CollectionQuerySpaceImpl@22a36e16]
2017-05-09 04:12:36 DEBUG QuerySpacesImpl:174 - Adding QuerySpace : uid = <gen:2> -> org.hibernate.loader.plan.build.internal.spaces.EntityQuerySpaceImpl@5eefafe0]
2017-05-09 04:12:36 DEBUG MetamodelGraphWalker:137 - Visiting attribute path : username
2017-05-09 04:12:36 DEBUG FetchStyleLoadPlanBuildingAssociationVisitationStrategy:150 - Building LoadPlan...
2017-05-09 04:12:36 DEBUG LoadQueryJoinAndFetchProcessor:101 - processing queryspace <gen:0>
2017-05-09 04:12:36 DEBUG LoadPlanTreePrinter:55 - LoadPlan(entity=com.weather.account.model.User)
    - Returns
       - EntityReturnImpl(entity=com.weather.account.model.User, querySpaceUid=<gen:0>, path=com.weather.account.model.User)
          - CollectionAttributeFetchImpl(collection=com.weather.account.model.User.roles, querySpaceUid=<gen:1>, path=com.weather.account.model.User.roles)
             - (collection element) CollectionFetchableElementEntityGraph(entity=com.weather.account.model.Role, querySpaceUid=<gen:2>, path=com.weather.account.model.User.roles.<elements>)
    - QuerySpaces
       - EntityQuerySpaceImpl(uid=<gen:0>, entity=com.weather.account.model.User)
          - SQL table alias mapping - user0_
          - alias suffix - 0_
          - suffixed key columns - {id1_2_0_}

2017-05-09 04:12:36 DEBUG EntityLoader:115 - Static select for entity com.weather.account.model.User [PESSIMISTIC_WRITE]: select user0_.id as id1_2_0_, user0_.email as email2_2_0_, user0_.password as password3_2_0_, user0_.phone as phone4_2_0_, user0_.username as username5_2_0_ from user user0_ where user0_.id=? for update
2017-05-09 04:12:36 DEBUG QuerySpacesImpl:174 - Adding QuerySpace : uid = <gen:0> -> org.hibernate.loader.plan.build.internal.spaces.EntityQuerySpaceImpl@758b56df]
2017-05-09 04:12:36 DEBUG MetamodelGraphWalker:137 - Visiting attribute path : email
2017-05-09 04:12:36 DEBUG MetamodelGraphWalker:137 - Visiting attribute path : password
2017-05-09 04:12:36 DEBUG MetamodelGraphWalker:137 - Visiting attribute path : phone
2017-05-09 04:12:36 DEBUG MetamodelGraphWalker:137 - Visiting attribute path : roles
2017-05-09 04:12:36 DEBUG QuerySpacesImpl:174 - Adding QuerySpace : uid = <gen:1> -> org.hibernate.loader.plan.build.internal.spaces.CollectionQuerySpaceImpl@3e4f51c0]
2017-05-09 04:12:36 DEBUG QuerySpacesImpl:174 - Adding QuerySpace : uid = <gen:2> -> org.hibernate.loader.plan.build.internal.spaces.EntityQuerySpaceImpl@1dfc7946]
2017-05-09 04:12:36 DEBUG MetamodelGraphWalker:137 - Visiting attribute path : username
2017-05-09 04:12:36 DEBUG FetchStyleLoadPlanBuildingAssociationVisitationStrategy:150 - Building LoadPlan...
2017-05-09 04:12:36 DEBUG LoadQueryJoinAndFetchProcessor:101 - processing queryspace <gen:0>
2017-05-09 04:12:36 DEBUG LoadPlanTreePrinter:55 - LoadPlan(entity=com.weather.account.model.User)
    - Returns
       - EntityReturnImpl(entity=com.weather.account.model.User, querySpaceUid=<gen:0>, path=com.weather.account.model.User)
          - CollectionAttributeFetchImpl(collection=com.weather.account.model.User.roles, querySpaceUid=<gen:1>, path=com.weather.account.model.User.roles)
             - (collection element) CollectionFetchableElementEntityGraph(entity=com.weather.account.model.Role, querySpaceUid=<gen:2>, path=com.weather.account.model.User.roles.<elements>)
    - QuerySpaces
       - EntityQuerySpaceImpl(uid=<gen:0>, entity=com.weather.account.model.User)
          - SQL table alias mapping - user0_
          - alias suffix - 0_
          - suffixed key columns - {id1_2_0_}

2017-05-09 04:12:36 DEBUG EntityLoader:115 - Static select for entity com.weather.account.model.User [PESSIMISTIC_FORCE_INCREMENT]: select user0_.id as id1_2_0_, user0_.email as email2_2_0_, user0_.password as password3_2_0_, user0_.phone as phone4_2_0_, user0_.username as username5_2_0_ from user user0_ where user0_.id=? for update
2017-05-09 04:12:36 DEBUG QuerySpacesImpl:174 - Adding QuerySpace : uid = <gen:0> -> org.hibernate.loader.plan.build.internal.spaces.EntityQuerySpaceImpl@32eef988]
2017-05-09 04:12:36 DEBUG MetamodelGraphWalker:137 - Visiting attribute path : email
2017-05-09 04:12:36 DEBUG MetamodelGraphWalker:137 - Visiting attribute path : password
2017-05-09 04:12:36 DEBUG MetamodelGraphWalker:137 - Visiting attribute path : phone
2017-05-09 04:12:36 DEBUG MetamodelGraphWalker:137 - Visiting attribute path : roles
2017-05-09 04:12:36 DEBUG QuerySpacesImpl:174 - Adding QuerySpace : uid = <gen:1> -> org.hibernate.loader.plan.build.internal.spaces.CollectionQuerySpaceImpl@5b049274]
2017-05-09 04:12:36 DEBUG QuerySpacesImpl:174 - Adding QuerySpace : uid = <gen:2> -> org.hibernate.loader.plan.build.internal.spaces.EntityQuerySpaceImpl@254ce61b]
2017-05-09 04:12:36 DEBUG MetamodelGraphWalker:137 - Visiting attribute path : username
2017-05-09 04:12:36 DEBUG FetchStyleLoadPlanBuildingAssociationVisitationStrategy:150 - Building LoadPlan...
2017-05-09 04:12:36 DEBUG LoadQueryJoinAndFetchProcessor:101 - processing queryspace <gen:0>
2017-05-09 04:12:36 DEBUG LoadPlanTreePrinter:55 - LoadPlan(entity=com.weather.account.model.User)
    - Returns
       - EntityReturnImpl(entity=com.weather.account.model.User, querySpaceUid=<gen:0>, path=com.weather.account.model.User)
          - CollectionAttributeFetchImpl(collection=com.weather.account.model.User.roles, querySpaceUid=<gen:1>, path=com.weather.account.model.User.roles)
             - (collection element) CollectionFetchableElementEntityGraph(entity=com.weather.account.model.Role, querySpaceUid=<gen:2>, path=com.weather.account.model.User.roles.<elements>)
    - QuerySpaces
       - EntityQuerySpaceImpl(uid=<gen:0>, entity=com.weather.account.model.User)
          - SQL table alias mapping - user0_
          - alias suffix - 0_
          - suffixed key columns - {id1_2_0_}

2017-05-09 04:12:36 DEBUG EntityLoader:115 - Static select for entity com.weather.account.model.User [OPTIMISTIC]: select user0_.id as id1_2_0_, user0_.email as email2_2_0_, user0_.password as password3_2_0_, user0_.phone as phone4_2_0_, user0_.username as username5_2_0_ from user user0_ where user0_.id=?
2017-05-09 04:12:36 DEBUG QuerySpacesImpl:174 - Adding QuerySpace : uid = <gen:0> -> org.hibernate.loader.plan.build.internal.spaces.EntityQuerySpaceImpl@60ab7983]
2017-05-09 04:12:36 DEBUG MetamodelGraphWalker:137 - Visiting attribute path : email
2017-05-09 04:12:36 DEBUG MetamodelGraphWalker:137 - Visiting attribute path : password
2017-05-09 04:12:36 DEBUG MetamodelGraphWalker:137 - Visiting attribute path : phone
2017-05-09 04:12:36 DEBUG MetamodelGraphWalker:137 - Visiting attribute path : roles
2017-05-09 04:12:36 DEBUG QuerySpacesImpl:174 - Adding QuerySpace : uid = <gen:1> -> org.hibernate.loader.plan.build.internal.spaces.CollectionQuerySpaceImpl@85d7e1a]
2017-05-09 04:12:36 DEBUG QuerySpacesImpl:174 - Adding QuerySpace : uid = <gen:2> -> org.hibernate.loader.plan.build.internal.spaces.EntityQuerySpaceImpl@4a633d34]
2017-05-09 04:12:36 DEBUG MetamodelGraphWalker:137 - Visiting attribute path : username
2017-05-09 04:12:36 DEBUG FetchStyleLoadPlanBuildingAssociationVisitationStrategy:150 - Building LoadPlan...
2017-05-09 04:12:36 DEBUG LoadQueryJoinAndFetchProcessor:101 - processing queryspace <gen:0>
2017-05-09 04:12:36 DEBUG LoadPlanTreePrinter:55 - LoadPlan(entity=com.weather.account.model.User)
    - Returns
       - EntityReturnImpl(entity=com.weather.account.model.User, querySpaceUid=<gen:0>, path=com.weather.account.model.User)
          - CollectionAttributeFetchImpl(collection=com.weather.account.model.User.roles, querySpaceUid=<gen:1>, path=com.weather.account.model.User.roles)
             - (collection element) CollectionFetchableElementEntityGraph(entity=com.weather.account.model.Role, querySpaceUid=<gen:2>, path=com.weather.account.model.User.roles.<elements>)
    - QuerySpaces
       - EntityQuerySpaceImpl(uid=<gen:0>, entity=com.weather.account.model.User)
          - SQL table alias mapping - user0_
          - alias suffix - 0_
          - suffixed key columns - {id1_2_0_}

2017-05-09 04:12:36 DEBUG EntityLoader:115 - Static select for entity com.weather.account.model.User [OPTIMISTIC_FORCE_INCREMENT]: select user0_.id as id1_2_0_, user0_.email as email2_2_0_, user0_.password as password3_2_0_, user0_.phone as phone4_2_0_, user0_.username as username5_2_0_ from user user0_ where user0_.id=?
2017-05-09 04:12:36 DEBUG Loader:38 - Static select for action ACTION_MERGE on entity com.weather.account.model.User: select user0_.id as id1_2_0_, user0_.email as email2_2_0_, user0_.password as password3_2_0_, user0_.phone as phone4_2_0_, user0_.username as username5_2_0_ from user user0_ where user0_.id=?
2017-05-09 04:12:36 DEBUG Loader:38 - Static select for action ACTION_REFRESH on entity com.weather.account.model.User: select user0_.id as id1_2_0_, user0_.email as email2_2_0_, user0_.password as password3_2_0_, user0_.phone as phone4_2_0_, user0_.username as username5_2_0_ from user user0_ where user0_.id=?
2017-05-09 04:12:36 DEBUG AbstractEntityPersister:3598 - Static SQL for entity: com.weather.account.model.Role
2017-05-09 04:12:36 DEBUG AbstractEntityPersister:3603 -  Version select: select id from role where id =?
2017-05-09 04:12:36 DEBUG AbstractEntityPersister:3606 -  Snapshot select: select role_.id, role_.name as name2_1_ from role role_ where role_.id=?
2017-05-09 04:12:36 DEBUG AbstractEntityPersister:394 -  Insert 0: insert into role (name, id) values (?, ?)
2017-05-09 04:12:36 DEBUG AbstractEntityPersister:394 -  Update 0: update role set name=? where id=?
2017-05-09 04:12:36 DEBUG AbstractEntityPersister:394 -  Delete 0: delete from role where id=?
2017-05-09 04:12:36 DEBUG AbstractEntityPersister:3614 -  Identity insert: insert into role (name) values (?)
2017-05-09 04:12:36 DEBUG QuerySpacesImpl:174 - Adding QuerySpace : uid = <gen:0> -> org.hibernate.loader.plan.build.internal.spaces.EntityQuerySpaceImpl@7fb2339b]
2017-05-09 04:12:36 DEBUG MetamodelGraphWalker:137 - Visiting attribute path : name
2017-05-09 04:12:36 DEBUG MetamodelGraphWalker:137 - Visiting attribute path : users
2017-05-09 04:12:36 DEBUG QuerySpacesImpl:174 - Adding QuerySpace : uid = <gen:1> -> org.hibernate.loader.plan.build.internal.spaces.CollectionQuerySpaceImpl@39112c18]
2017-05-09 04:12:36 DEBUG QuerySpacesImpl:174 - Adding QuerySpace : uid = <gen:2> -> org.hibernate.loader.plan.build.internal.spaces.EntityQuerySpaceImpl@21fb0b1c]
2017-05-09 04:12:36 DEBUG FetchStyleLoadPlanBuildingAssociationVisitationStrategy:150 - Building LoadPlan...
2017-05-09 04:12:36 DEBUG LoadQueryJoinAndFetchProcessor:101 - processing queryspace <gen:0>
2017-05-09 04:12:36 DEBUG LoadPlanTreePrinter:55 - LoadPlan(entity=com.weather.account.model.Role)
    - Returns
       - EntityReturnImpl(entity=com.weather.account.model.Role, querySpaceUid=<gen:0>, path=com.weather.account.model.Role)
          - CollectionAttributeFetchImpl(collection=com.weather.account.model.Role.users, querySpaceUid=<gen:1>, path=com.weather.account.model.Role.users)
             - (collection element) CollectionFetchableElementEntityGraph(entity=com.weather.account.model.User, querySpaceUid=<gen:2>, path=com.weather.account.model.Role.users.<elements>)
    - QuerySpaces
       - EntityQuerySpaceImpl(uid=<gen:0>, entity=com.weather.account.model.Role)
          - SQL table alias mapping - role0_
          - alias suffix - 0_
          - suffixed key columns - {id1_1_0_}

2017-05-09 04:12:36 DEBUG EntityLoader:115 - Static select for entity com.weather.account.model.Role [NONE]: select role0_.id as id1_1_0_, role0_.name as name2_1_0_ from role role0_ where role0_.id=?
2017-05-09 04:12:36 DEBUG QuerySpacesImpl:174 - Adding QuerySpace : uid = <gen:0> -> org.hibernate.loader.plan.build.internal.spaces.EntityQuerySpaceImpl@4fbbda53]
2017-05-09 04:12:36 DEBUG MetamodelGraphWalker:137 - Visiting attribute path : name
2017-05-09 04:12:36 DEBUG MetamodelGraphWalker:137 - Visiting attribute path : users
2017-05-09 04:12:36 DEBUG QuerySpacesImpl:174 - Adding QuerySpace : uid = <gen:1> -> org.hibernate.loader.plan.build.internal.spaces.CollectionQuerySpaceImpl@4c808d3e]
2017-05-09 04:12:36 DEBUG QuerySpacesImpl:174 - Adding QuerySpace : uid = <gen:2> -> org.hibernate.loader.plan.build.internal.spaces.EntityQuerySpaceImpl@355adc59]
2017-05-09 04:12:36 DEBUG FetchStyleLoadPlanBuildingAssociationVisitationStrategy:150 - Building LoadPlan...
2017-05-09 04:12:36 DEBUG LoadQueryJoinAndFetchProcessor:101 - processing queryspace <gen:0>
2017-05-09 04:12:36 DEBUG LoadPlanTreePrinter:55 - LoadPlan(entity=com.weather.account.model.Role)
    - Returns
       - EntityReturnImpl(entity=com.weather.account.model.Role, querySpaceUid=<gen:0>, path=com.weather.account.model.Role)
          - CollectionAttributeFetchImpl(collection=com.weather.account.model.Role.users, querySpaceUid=<gen:1>, path=com.weather.account.model.Role.users)
             - (collection element) CollectionFetchableElementEntityGraph(entity=com.weather.account.model.User, querySpaceUid=<gen:2>, path=com.weather.account.model.Role.users.<elements>)
    - QuerySpaces
       - EntityQuerySpaceImpl(uid=<gen:0>, entity=com.weather.account.model.Role)
          - SQL table alias mapping - role0_
          - alias suffix - 0_
          - suffixed key columns - {id1_1_0_}

2017-05-09 04:12:36 DEBUG EntityLoader:115 - Static select for entity com.weather.account.model.Role [READ]: select role0_.id as id1_1_0_, role0_.name as name2_1_0_ from role role0_ where role0_.id=?
2017-05-09 04:12:36 DEBUG QuerySpacesImpl:174 - Adding QuerySpace : uid = <gen:0> -> org.hibernate.loader.plan.build.internal.spaces.EntityQuerySpaceImpl@2422e1e3]
2017-05-09 04:12:36 DEBUG MetamodelGraphWalker:137 - Visiting attribute path : name
2017-05-09 04:12:36 DEBUG MetamodelGraphWalker:137 - Visiting attribute path : users
2017-05-09 04:12:36 DEBUG QuerySpacesImpl:174 - Adding QuerySpace : uid = <gen:1> -> org.hibernate.loader.plan.build.internal.spaces.CollectionQuerySpaceImpl@184c4fe4]
2017-05-09 04:12:36 DEBUG QuerySpacesImpl:174 - Adding QuerySpace : uid = <gen:2> -> org.hibernate.loader.plan.build.internal.spaces.EntityQuerySpaceImpl@7b97f0a0]
2017-05-09 04:12:36 DEBUG FetchStyleLoadPlanBuildingAssociationVisitationStrategy:150 - Building LoadPlan...
2017-05-09 04:12:36 DEBUG LoadQueryJoinAndFetchProcessor:101 - processing queryspace <gen:0>
2017-05-09 04:12:36 DEBUG LoadPlanTreePrinter:55 - LoadPlan(entity=com.weather.account.model.Role)
    - Returns
       - EntityReturnImpl(entity=com.weather.account.model.Role, querySpaceUid=<gen:0>, path=com.weather.account.model.Role)
          - CollectionAttributeFetchImpl(collection=com.weather.account.model.Role.users, querySpaceUid=<gen:1>, path=com.weather.account.model.Role.users)
             - (collection element) CollectionFetchableElementEntityGraph(entity=com.weather.account.model.User, querySpaceUid=<gen:2>, path=com.weather.account.model.Role.users.<elements>)
    - QuerySpaces
       - EntityQuerySpaceImpl(uid=<gen:0>, entity=com.weather.account.model.Role)
          - SQL table alias mapping - role0_
          - alias suffix - 0_
          - suffixed key columns - {id1_1_0_}

2017-05-09 04:12:36 DEBUG EntityLoader:115 - Static select for entity com.weather.account.model.Role [UPGRADE]: select role0_.id as id1_1_0_, role0_.name as name2_1_0_ from role role0_ where role0_.id=? for update
2017-05-09 04:12:36 DEBUG QuerySpacesImpl:174 - Adding QuerySpace : uid = <gen:0> -> org.hibernate.loader.plan.build.internal.spaces.EntityQuerySpaceImpl@48093bc8]
2017-05-09 04:12:36 DEBUG MetamodelGraphWalker:137 - Visiting attribute path : name
2017-05-09 04:12:36 DEBUG MetamodelGraphWalker:137 - Visiting attribute path : users
2017-05-09 04:12:36 DEBUG QuerySpacesImpl:174 - Adding QuerySpace : uid = <gen:1> -> org.hibernate.loader.plan.build.internal.spaces.CollectionQuerySpaceImpl@c1e01b3]
2017-05-09 04:12:36 DEBUG QuerySpacesImpl:174 - Adding QuerySpace : uid = <gen:2> -> org.hibernate.loader.plan.build.internal.spaces.EntityQuerySpaceImpl@4848f260]
2017-05-09 04:12:36 DEBUG FetchStyleLoadPlanBuildingAssociationVisitationStrategy:150 - Building LoadPlan...
2017-05-09 04:12:36 DEBUG LoadQueryJoinAndFetchProcessor:101 - processing queryspace <gen:0>
2017-05-09 04:12:36 DEBUG LoadPlanTreePrinter:55 - LoadPlan(entity=com.weather.account.model.Role)
    - Returns
       - EntityReturnImpl(entity=com.weather.account.model.Role, querySpaceUid=<gen:0>, path=com.weather.account.model.Role)
          - CollectionAttributeFetchImpl(collection=com.weather.account.model.Role.users, querySpaceUid=<gen:1>, path=com.weather.account.model.Role.users)
             - (collection element) CollectionFetchableElementEntityGraph(entity=com.weather.account.model.User, querySpaceUid=<gen:2>, path=com.weather.account.model.Role.users.<elements>)
    - QuerySpaces
       - EntityQuerySpaceImpl(uid=<gen:0>, entity=com.weather.account.model.Role)
          - SQL table alias mapping - role0_
          - alias suffix - 0_
          - suffixed key columns - {id1_1_0_}

2017-05-09 04:12:36 DEBUG EntityLoader:115 - Static select for entity com.weather.account.model.Role [UPGRADE_NOWAIT]: select role0_.id as id1_1_0_, role0_.name as name2_1_0_ from role role0_ where role0_.id=? for update
2017-05-09 04:12:36 DEBUG QuerySpacesImpl:174 - Adding QuerySpace : uid = <gen:0> -> org.hibernate.loader.plan.build.internal.spaces.EntityQuerySpaceImpl@499e47da]
2017-05-09 04:12:36 DEBUG MetamodelGraphWalker:137 - Visiting attribute path : name
2017-05-09 04:12:36 DEBUG MetamodelGraphWalker:137 - Visiting attribute path : users
2017-05-09 04:12:36 DEBUG QuerySpacesImpl:174 - Adding QuerySpace : uid = <gen:1> -> org.hibernate.loader.plan.build.internal.spaces.CollectionQuerySpaceImpl@7975dfc1]
2017-05-09 04:12:36 DEBUG QuerySpacesImpl:174 - Adding QuerySpace : uid = <gen:2> -> org.hibernate.loader.plan.build.internal.spaces.EntityQuerySpaceImpl@7621f97d]
2017-05-09 04:12:36 DEBUG FetchStyleLoadPlanBuildingAssociationVisitationStrategy:150 - Building LoadPlan...
2017-05-09 04:12:36 DEBUG LoadQueryJoinAndFetchProcessor:101 - processing queryspace <gen:0>
2017-05-09 04:12:36 DEBUG LoadPlanTreePrinter:55 - LoadPlan(entity=com.weather.account.model.Role)
    - Returns
       - EntityReturnImpl(entity=com.weather.account.model.Role, querySpaceUid=<gen:0>, path=com.weather.account.model.Role)
          - CollectionAttributeFetchImpl(collection=com.weather.account.model.Role.users, querySpaceUid=<gen:1>, path=com.weather.account.model.Role.users)
             - (collection element) CollectionFetchableElementEntityGraph(entity=com.weather.account.model.User, querySpaceUid=<gen:2>, path=com.weather.account.model.Role.users.<elements>)
    - QuerySpaces
       - EntityQuerySpaceImpl(uid=<gen:0>, entity=com.weather.account.model.Role)
          - SQL table alias mapping - role0_
          - alias suffix - 0_
          - suffixed key columns - {id1_1_0_}

2017-05-09 04:12:36 DEBUG EntityLoader:115 - Static select for entity com.weather.account.model.Role [UPGRADE_SKIPLOCKED]: select role0_.id as id1_1_0_, role0_.name as name2_1_0_ from role role0_ where role0_.id=? for update
2017-05-09 04:12:36 DEBUG QuerySpacesImpl:174 - Adding QuerySpace : uid = <gen:0> -> org.hibernate.loader.plan.build.internal.spaces.EntityQuerySpaceImpl@1add6c1e]
2017-05-09 04:12:36 DEBUG MetamodelGraphWalker:137 - Visiting attribute path : name
2017-05-09 04:12:36 DEBUG MetamodelGraphWalker:137 - Visiting attribute path : users
2017-05-09 04:12:36 DEBUG QuerySpacesImpl:174 - Adding QuerySpace : uid = <gen:1> -> org.hibernate.loader.plan.build.internal.spaces.CollectionQuerySpaceImpl@3492d18f]
2017-05-09 04:12:36 DEBUG QuerySpacesImpl:174 - Adding QuerySpace : uid = <gen:2> -> org.hibernate.loader.plan.build.internal.spaces.EntityQuerySpaceImpl@2fb49a99]
2017-05-09 04:12:36 DEBUG FetchStyleLoadPlanBuildingAssociationVisitationStrategy:150 - Building LoadPlan...
2017-05-09 04:12:36 DEBUG LoadQueryJoinAndFetchProcessor:101 - processing queryspace <gen:0>
2017-05-09 04:12:36 DEBUG LoadPlanTreePrinter:55 - LoadPlan(entity=com.weather.account.model.Role)
    - Returns
       - EntityReturnImpl(entity=com.weather.account.model.Role, querySpaceUid=<gen:0>, path=com.weather.account.model.Role)
          - CollectionAttributeFetchImpl(collection=com.weather.account.model.Role.users, querySpaceUid=<gen:1>, path=com.weather.account.model.Role.users)
             - (collection element) CollectionFetchableElementEntityGraph(entity=com.weather.account.model.User, querySpaceUid=<gen:2>, path=com.weather.account.model.Role.users.<elements>)
    - QuerySpaces
       - EntityQuerySpaceImpl(uid=<gen:0>, entity=com.weather.account.model.Role)
          - SQL table alias mapping - role0_
          - alias suffix - 0_
          - suffixed key columns - {id1_1_0_}

2017-05-09 04:12:36 DEBUG EntityLoader:115 - Static select for entity com.weather.account.model.Role [FORCE]: select role0_.id as id1_1_0_, role0_.name as name2_1_0_ from role role0_ where role0_.id=? for update
2017-05-09 04:12:36 DEBUG QuerySpacesImpl:174 - Adding QuerySpace : uid = <gen:0> -> org.hibernate.loader.plan.build.internal.spaces.EntityQuerySpaceImpl@5ef8beed]
2017-05-09 04:12:36 DEBUG MetamodelGraphWalker:137 - Visiting attribute path : name
2017-05-09 04:12:36 DEBUG MetamodelGraphWalker:137 - Visiting attribute path : users
2017-05-09 04:12:36 DEBUG QuerySpacesImpl:174 - Adding QuerySpace : uid = <gen:1> -> org.hibernate.loader.plan.build.internal.spaces.CollectionQuerySpaceImpl@389ba1a8]
2017-05-09 04:12:36 DEBUG QuerySpacesImpl:174 - Adding QuerySpace : uid = <gen:2> -> org.hibernate.loader.plan.build.internal.spaces.EntityQuerySpaceImpl@33708470]
2017-05-09 04:12:36 DEBUG FetchStyleLoadPlanBuildingAssociationVisitationStrategy:150 - Building LoadPlan...
2017-05-09 04:12:36 DEBUG LoadQueryJoinAndFetchProcessor:101 - processing queryspace <gen:0>
2017-05-09 04:12:36 DEBUG LoadPlanTreePrinter:55 - LoadPlan(entity=com.weather.account.model.Role)
    - Returns
       - EntityReturnImpl(entity=com.weather.account.model.Role, querySpaceUid=<gen:0>, path=com.weather.account.model.Role)
          - CollectionAttributeFetchImpl(collection=com.weather.account.model.Role.users, querySpaceUid=<gen:1>, path=com.weather.account.model.Role.users)
             - (collection element) CollectionFetchableElementEntityGraph(entity=com.weather.account.model.User, querySpaceUid=<gen:2>, path=com.weather.account.model.Role.users.<elements>)
    - QuerySpaces
       - EntityQuerySpaceImpl(uid=<gen:0>, entity=com.weather.account.model.Role)
          - SQL table alias mapping - role0_
          - alias suffix - 0_
          - suffixed key columns - {id1_1_0_}

2017-05-09 04:12:36 DEBUG EntityLoader:115 - Static select for entity com.weather.account.model.Role [PESSIMISTIC_READ]: select role0_.id as id1_1_0_, role0_.name as name2_1_0_ from role role0_ where role0_.id=? lock in share mode
2017-05-09 04:12:36 DEBUG QuerySpacesImpl:174 - Adding QuerySpace : uid = <gen:0> -> org.hibernate.loader.plan.build.internal.spaces.EntityQuerySpaceImpl@28645b25]
2017-05-09 04:12:36 DEBUG MetamodelGraphWalker:137 - Visiting attribute path : name
2017-05-09 04:12:36 DEBUG MetamodelGraphWalker:137 - Visiting attribute path : users
2017-05-09 04:12:36 DEBUG QuerySpacesImpl:174 - Adding QuerySpace : uid = <gen:1> -> org.hibernate.loader.plan.build.internal.spaces.CollectionQuerySpaceImpl@6f3ce4b6]
2017-05-09 04:12:36 DEBUG QuerySpacesImpl:174 - Adding QuerySpace : uid = <gen:2> -> org.hibernate.loader.plan.build.internal.spaces.EntityQuerySpaceImpl@58d8be25]
2017-05-09 04:12:36 DEBUG FetchStyleLoadPlanBuildingAssociationVisitationStrategy:150 - Building LoadPlan...
2017-05-09 04:12:36 DEBUG LoadQueryJoinAndFetchProcessor:101 - processing queryspace <gen:0>
2017-05-09 04:12:36 DEBUG LoadPlanTreePrinter:55 - LoadPlan(entity=com.weather.account.model.Role)
    - Returns
       - EntityReturnImpl(entity=com.weather.account.model.Role, querySpaceUid=<gen:0>, path=com.weather.account.model.Role)
          - CollectionAttributeFetchImpl(collection=com.weather.account.model.Role.users, querySpaceUid=<gen:1>, path=com.weather.account.model.Role.users)
             - (collection element) CollectionFetchableElementEntityGraph(entity=com.weather.account.model.User, querySpaceUid=<gen:2>, path=com.weather.account.model.Role.users.<elements>)
    - QuerySpaces
       - EntityQuerySpaceImpl(uid=<gen:0>, entity=com.weather.account.model.Role)
          - SQL table alias mapping - role0_
          - alias suffix - 0_
          - suffixed key columns - {id1_1_0_}

2017-05-09 04:12:36 DEBUG EntityLoader:115 - Static select for entity com.weather.account.model.Role [PESSIMISTIC_WRITE]: select role0_.id as id1_1_0_, role0_.name as name2_1_0_ from role role0_ where role0_.id=? for update
2017-05-09 04:12:36 DEBUG QuerySpacesImpl:174 - Adding QuerySpace : uid = <gen:0> -> org.hibernate.loader.plan.build.internal.spaces.EntityQuerySpaceImpl@526f6b68]
2017-05-09 04:12:36 DEBUG MetamodelGraphWalker:137 - Visiting attribute path : name
2017-05-09 04:12:36 DEBUG MetamodelGraphWalker:137 - Visiting attribute path : users
2017-05-09 04:12:36 DEBUG QuerySpacesImpl:174 - Adding QuerySpace : uid = <gen:1> -> org.hibernate.loader.plan.build.internal.spaces.CollectionQuerySpaceImpl@2cd2d04b]
2017-05-09 04:12:36 DEBUG QuerySpacesImpl:174 - Adding QuerySpace : uid = <gen:2> -> org.hibernate.loader.plan.build.internal.spaces.EntityQuerySpaceImpl@31e66a62]
2017-05-09 04:12:36 DEBUG FetchStyleLoadPlanBuildingAssociationVisitationStrategy:150 - Building LoadPlan...
2017-05-09 04:12:36 DEBUG LoadQueryJoinAndFetchProcessor:101 - processing queryspace <gen:0>
2017-05-09 04:12:36 DEBUG LoadPlanTreePrinter:55 - LoadPlan(entity=com.weather.account.model.Role)
    - Returns
       - EntityReturnImpl(entity=com.weather.account.model.Role, querySpaceUid=<gen:0>, path=com.weather.account.model.Role)
          - CollectionAttributeFetchImpl(collection=com.weather.account.model.Role.users, querySpaceUid=<gen:1>, path=com.weather.account.model.Role.users)
             - (collection element) CollectionFetchableElementEntityGraph(entity=com.weather.account.model.User, querySpaceUid=<gen:2>, path=com.weather.account.model.Role.users.<elements>)
    - QuerySpaces
       - EntityQuerySpaceImpl(uid=<gen:0>, entity=com.weather.account.model.Role)
          - SQL table alias mapping - role0_
          - alias suffix - 0_
          - suffixed key columns - {id1_1_0_}

2017-05-09 04:12:36 DEBUG EntityLoader:115 - Static select for entity com.weather.account.model.Role [PESSIMISTIC_FORCE_INCREMENT]: select role0_.id as id1_1_0_, role0_.name as name2_1_0_ from role role0_ where role0_.id=? for update
2017-05-09 04:12:36 DEBUG QuerySpacesImpl:174 - Adding QuerySpace : uid = <gen:0> -> org.hibernate.loader.plan.build.internal.spaces.EntityQuerySpaceImpl@187b731d]
2017-05-09 04:12:36 DEBUG MetamodelGraphWalker:137 - Visiting attribute path : name
2017-05-09 04:12:36 DEBUG MetamodelGraphWalker:137 - Visiting attribute path : users
2017-05-09 04:12:36 DEBUG QuerySpacesImpl:174 - Adding QuerySpace : uid = <gen:1> -> org.hibernate.loader.plan.build.internal.spaces.CollectionQuerySpaceImpl@1a233768]
2017-05-09 04:12:36 DEBUG QuerySpacesImpl:174 - Adding QuerySpace : uid = <gen:2> -> org.hibernate.loader.plan.build.internal.spaces.EntityQuerySpaceImpl@1894eb34]
2017-05-09 04:12:36 DEBUG FetchStyleLoadPlanBuildingAssociationVisitationStrategy:150 - Building LoadPlan...
2017-05-09 04:12:36 DEBUG LoadQueryJoinAndFetchProcessor:101 - processing queryspace <gen:0>
2017-05-09 04:12:36 DEBUG LoadPlanTreePrinter:55 - LoadPlan(entity=com.weather.account.model.Role)
    - Returns
       - EntityReturnImpl(entity=com.weather.account.model.Role, querySpaceUid=<gen:0>, path=com.weather.account.model.Role)
          - CollectionAttributeFetchImpl(collection=com.weather.account.model.Role.users, querySpaceUid=<gen:1>, path=com.weather.account.model.Role.users)
             - (collection element) CollectionFetchableElementEntityGraph(entity=com.weather.account.model.User, querySpaceUid=<gen:2>, path=com.weather.account.model.Role.users.<elements>)
    - QuerySpaces
       - EntityQuerySpaceImpl(uid=<gen:0>, entity=com.weather.account.model.Role)
          - SQL table alias mapping - role0_
          - alias suffix - 0_
          - suffixed key columns - {id1_1_0_}

2017-05-09 04:12:36 DEBUG EntityLoader:115 - Static select for entity com.weather.account.model.Role [OPTIMISTIC]: select role0_.id as id1_1_0_, role0_.name as name2_1_0_ from role role0_ where role0_.id=?
2017-05-09 04:12:36 DEBUG QuerySpacesImpl:174 - Adding QuerySpace : uid = <gen:0> -> org.hibernate.loader.plan.build.internal.spaces.EntityQuerySpaceImpl@5b3480a0]
2017-05-09 04:12:36 DEBUG MetamodelGraphWalker:137 - Visiting attribute path : name
2017-05-09 04:12:36 DEBUG MetamodelGraphWalker:137 - Visiting attribute path : users
2017-05-09 04:12:37 DEBUG QuerySpacesImpl:174 - Adding QuerySpace : uid = <gen:1> -> org.hibernate.loader.plan.build.internal.spaces.CollectionQuerySpaceImpl@37d48d89]
2017-05-09 04:12:37 DEBUG QuerySpacesImpl:174 - Adding QuerySpace : uid = <gen:2> -> org.hibernate.loader.plan.build.internal.spaces.EntityQuerySpaceImpl@8260d0c]
2017-05-09 04:12:37 DEBUG FetchStyleLoadPlanBuildingAssociationVisitationStrategy:150 - Building LoadPlan...
2017-05-09 04:12:37 DEBUG LoadQueryJoinAndFetchProcessor:101 - processing queryspace <gen:0>
2017-05-09 04:12:37 DEBUG LoadPlanTreePrinter:55 - LoadPlan(entity=com.weather.account.model.Role)
    - Returns
       - EntityReturnImpl(entity=com.weather.account.model.Role, querySpaceUid=<gen:0>, path=com.weather.account.model.Role)
          - CollectionAttributeFetchImpl(collection=com.weather.account.model.Role.users, querySpaceUid=<gen:1>, path=com.weather.account.model.Role.users)
             - (collection element) CollectionFetchableElementEntityGraph(entity=com.weather.account.model.User, querySpaceUid=<gen:2>, path=com.weather.account.model.Role.users.<elements>)
    - QuerySpaces
       - EntityQuerySpaceImpl(uid=<gen:0>, entity=com.weather.account.model.Role)
          - SQL table alias mapping - role0_
          - alias suffix - 0_
          - suffixed key columns - {id1_1_0_}

2017-05-09 04:12:37 DEBUG EntityLoader:115 - Static select for entity com.weather.account.model.Role [OPTIMISTIC_FORCE_INCREMENT]: select role0_.id as id1_1_0_, role0_.name as name2_1_0_ from role role0_ where role0_.id=?
2017-05-09 04:12:37 DEBUG Loader:38 - Static select for action ACTION_MERGE on entity com.weather.account.model.Role: select role0_.id as id1_1_0_, role0_.name as name2_1_0_ from role role0_ where role0_.id=?
2017-05-09 04:12:37 DEBUG Loader:38 - Static select for action ACTION_REFRESH on entity com.weather.account.model.Role: select role0_.id as id1_1_0_, role0_.name as name2_1_0_ from role role0_ where role0_.id=?
2017-05-09 04:12:37 DEBUG AbstractEntityPersister:3598 - Static SQL for entity: com.weather.account.model.Note
2017-05-09 04:12:37 DEBUG AbstractEntityPersister:3603 -  Version select: select id from note where id =?
2017-05-09 04:12:37 DEBUG AbstractEntityPersister:3606 -  Snapshot select: select note_.id, note_.date as date2_0_, note_.note as note3_0_ from note note_ where note_.id=?
2017-05-09 04:12:37 DEBUG AbstractEntityPersister:394 -  Insert 0: insert into note (date, note, id) values (?, ?, ?)
2017-05-09 04:12:37 DEBUG AbstractEntityPersister:394 -  Update 0: update note set date=?, note=? where id=?
2017-05-09 04:12:37 DEBUG AbstractEntityPersister:394 -  Delete 0: delete from note where id=?
2017-05-09 04:12:37 DEBUG AbstractEntityPersister:3614 -  Identity insert: insert into note (date, note) values (?, ?)
2017-05-09 04:12:37 DEBUG QuerySpacesImpl:174 - Adding QuerySpace : uid = <gen:0> -> org.hibernate.loader.plan.build.internal.spaces.EntityQuerySpaceImpl@7768bd28]
2017-05-09 04:12:37 DEBUG MetamodelGraphWalker:137 - Visiting attribute path : date
2017-05-09 04:12:37 DEBUG MetamodelGraphWalker:137 - Visiting attribute path : note
2017-05-09 04:12:37 DEBUG FetchStyleLoadPlanBuildingAssociationVisitationStrategy:150 - Building LoadPlan...
2017-05-09 04:12:37 DEBUG LoadQueryJoinAndFetchProcessor:101 - processing queryspace <gen:0>
2017-05-09 04:12:37 DEBUG LoadPlanTreePrinter:55 - LoadPlan(entity=com.weather.account.model.Note)
    - Returns
       - EntityReturnImpl(entity=com.weather.account.model.Note, querySpaceUid=<gen:0>, path=com.weather.account.model.Note)
    - QuerySpaces
       - EntityQuerySpaceImpl(uid=<gen:0>, entity=com.weather.account.model.Note)
          - SQL table alias mapping - note0_
          - alias suffix - 0_
          - suffixed key columns - {id1_0_0_}

2017-05-09 04:12:37 DEBUG EntityLoader:115 - Static select for entity com.weather.account.model.Note [NONE]: select note0_.id as id1_0_0_, note0_.date as date2_0_0_, note0_.note as note3_0_0_ from note note0_ where note0_.id=?
2017-05-09 04:12:37 DEBUG QuerySpacesImpl:174 - Adding QuerySpace : uid = <gen:0> -> org.hibernate.loader.plan.build.internal.spaces.EntityQuerySpaceImpl@2be3ba93]
2017-05-09 04:12:37 DEBUG MetamodelGraphWalker:137 - Visiting attribute path : date
2017-05-09 04:12:37 DEBUG MetamodelGraphWalker:137 - Visiting attribute path : note
2017-05-09 04:12:37 DEBUG FetchStyleLoadPlanBuildingAssociationVisitationStrategy:150 - Building LoadPlan...
2017-05-09 04:12:37 DEBUG LoadQueryJoinAndFetchProcessor:101 - processing queryspace <gen:0>
2017-05-09 04:12:37 DEBUG LoadPlanTreePrinter:55 - LoadPlan(entity=com.weather.account.model.Note)
    - Returns
       - EntityReturnImpl(entity=com.weather.account.model.Note, querySpaceUid=<gen:0>, path=com.weather.account.model.Note)
    - QuerySpaces
       - EntityQuerySpaceImpl(uid=<gen:0>, entity=com.weather.account.model.Note)
          - SQL table alias mapping - note0_
          - alias suffix - 0_
          - suffixed key columns - {id1_0_0_}

2017-05-09 04:12:37 DEBUG EntityLoader:115 - Static select for entity com.weather.account.model.Note [READ]: select note0_.id as id1_0_0_, note0_.date as date2_0_0_, note0_.note as note3_0_0_ from note note0_ where note0_.id=?
2017-05-09 04:12:37 DEBUG QuerySpacesImpl:174 - Adding QuerySpace : uid = <gen:0> -> org.hibernate.loader.plan.build.internal.spaces.EntityQuerySpaceImpl@2126e229]
2017-05-09 04:12:37 DEBUG MetamodelGraphWalker:137 - Visiting attribute path : date
2017-05-09 04:12:37 DEBUG MetamodelGraphWalker:137 - Visiting attribute path : note
2017-05-09 04:12:37 DEBUG FetchStyleLoadPlanBuildingAssociationVisitationStrategy:150 - Building LoadPlan...
2017-05-09 04:12:37 DEBUG LoadQueryJoinAndFetchProcessor:101 - processing queryspace <gen:0>
2017-05-09 04:12:37 DEBUG LoadPlanTreePrinter:55 - LoadPlan(entity=com.weather.account.model.Note)
    - Returns
       - EntityReturnImpl(entity=com.weather.account.model.Note, querySpaceUid=<gen:0>, path=com.weather.account.model.Note)
    - QuerySpaces
       - EntityQuerySpaceImpl(uid=<gen:0>, entity=com.weather.account.model.Note)
          - SQL table alias mapping - note0_
          - alias suffix - 0_
          - suffixed key columns - {id1_0_0_}

2017-05-09 04:12:37 DEBUG EntityLoader:115 - Static select for entity com.weather.account.model.Note [UPGRADE]: select note0_.id as id1_0_0_, note0_.date as date2_0_0_, note0_.note as note3_0_0_ from note note0_ where note0_.id=? for update
2017-05-09 04:12:37 DEBUG QuerySpacesImpl:174 - Adding QuerySpace : uid = <gen:0> -> org.hibernate.loader.plan.build.internal.spaces.EntityQuerySpaceImpl@69974668]
2017-05-09 04:12:37 DEBUG MetamodelGraphWalker:137 - Visiting attribute path : date
2017-05-09 04:12:37 DEBUG MetamodelGraphWalker:137 - Visiting attribute path : note
2017-05-09 04:12:37 DEBUG FetchStyleLoadPlanBuildingAssociationVisitationStrategy:150 - Building LoadPlan...
2017-05-09 04:12:37 DEBUG LoadQueryJoinAndFetchProcessor:101 - processing queryspace <gen:0>
2017-05-09 04:12:37 DEBUG LoadPlanTreePrinter:55 - LoadPlan(entity=com.weather.account.model.Note)
    - Returns
       - EntityReturnImpl(entity=com.weather.account.model.Note, querySpaceUid=<gen:0>, path=com.weather.account.model.Note)
    - QuerySpaces
       - EntityQuerySpaceImpl(uid=<gen:0>, entity=com.weather.account.model.Note)
          - SQL table alias mapping - note0_
          - alias suffix - 0_
          - suffixed key columns - {id1_0_0_}

2017-05-09 04:12:37 DEBUG EntityLoader:115 - Static select for entity com.weather.account.model.Note [UPGRADE_NOWAIT]: select note0_.id as id1_0_0_, note0_.date as date2_0_0_, note0_.note as note3_0_0_ from note note0_ where note0_.id=? for update
2017-05-09 04:12:37 DEBUG QuerySpacesImpl:174 - Adding QuerySpace : uid = <gen:0> -> org.hibernate.loader.plan.build.internal.spaces.EntityQuerySpaceImpl@40785170]
2017-05-09 04:12:37 DEBUG MetamodelGraphWalker:137 - Visiting attribute path : date
2017-05-09 04:12:37 DEBUG MetamodelGraphWalker:137 - Visiting attribute path : note
2017-05-09 04:12:37 DEBUG FetchStyleLoadPlanBuildingAssociationVisitationStrategy:150 - Building LoadPlan...
2017-05-09 04:12:37 DEBUG LoadQueryJoinAndFetchProcessor:101 - processing queryspace <gen:0>
2017-05-09 04:12:37 DEBUG LoadPlanTreePrinter:55 - LoadPlan(entity=com.weather.account.model.Note)
    - Returns
       - EntityReturnImpl(entity=com.weather.account.model.Note, querySpaceUid=<gen:0>, path=com.weather.account.model.Note)
    - QuerySpaces
       - EntityQuerySpaceImpl(uid=<gen:0>, entity=com.weather.account.model.Note)
          - SQL table alias mapping - note0_
          - alias suffix - 0_
          - suffixed key columns - {id1_0_0_}

2017-05-09 04:12:37 DEBUG EntityLoader:115 - Static select for entity com.weather.account.model.Note [UPGRADE_SKIPLOCKED]: select note0_.id as id1_0_0_, note0_.date as date2_0_0_, note0_.note as note3_0_0_ from note note0_ where note0_.id=? for update
2017-05-09 04:12:37 DEBUG QuerySpacesImpl:174 - Adding QuerySpace : uid = <gen:0> -> org.hibernate.loader.plan.build.internal.spaces.EntityQuerySpaceImpl@7e353992]
2017-05-09 04:12:37 DEBUG MetamodelGraphWalker:137 - Visiting attribute path : date
2017-05-09 04:12:37 DEBUG MetamodelGraphWalker:137 - Visiting attribute path : note
2017-05-09 04:12:37 DEBUG FetchStyleLoadPlanBuildingAssociationVisitationStrategy:150 - Building LoadPlan...
2017-05-09 04:12:37 DEBUG LoadQueryJoinAndFetchProcessor:101 - processing queryspace <gen:0>
2017-05-09 04:12:37 DEBUG LoadPlanTreePrinter:55 - LoadPlan(entity=com.weather.account.model.Note)
    - Returns
       - EntityReturnImpl(entity=com.weather.account.model.Note, querySpaceUid=<gen:0>, path=com.weather.account.model.Note)
    - QuerySpaces
       - EntityQuerySpaceImpl(uid=<gen:0>, entity=com.weather.account.model.Note)
          - SQL table alias mapping - note0_
          - alias suffix - 0_
          - suffixed key columns - {id1_0_0_}

2017-05-09 04:12:37 DEBUG EntityLoader:115 - Static select for entity com.weather.account.model.Note [FORCE]: select note0_.id as id1_0_0_, note0_.date as date2_0_0_, note0_.note as note3_0_0_ from note note0_ where note0_.id=? for update
2017-05-09 04:12:37 DEBUG QuerySpacesImpl:174 - Adding QuerySpace : uid = <gen:0> -> org.hibernate.loader.plan.build.internal.spaces.EntityQuerySpaceImpl@64b46613]
2017-05-09 04:12:37 DEBUG MetamodelGraphWalker:137 - Visiting attribute path : date
2017-05-09 04:12:37 DEBUG MetamodelGraphWalker:137 - Visiting attribute path : note
2017-05-09 04:12:37 DEBUG FetchStyleLoadPlanBuildingAssociationVisitationStrategy:150 - Building LoadPlan...
2017-05-09 04:12:37 DEBUG LoadQueryJoinAndFetchProcessor:101 - processing queryspace <gen:0>
2017-05-09 04:12:37 DEBUG LoadPlanTreePrinter:55 - LoadPlan(entity=com.weather.account.model.Note)
    - Returns
       - EntityReturnImpl(entity=com.weather.account.model.Note, querySpaceUid=<gen:0>, path=com.weather.account.model.Note)
    - QuerySpaces
       - EntityQuerySpaceImpl(uid=<gen:0>, entity=com.weather.account.model.Note)
          - SQL table alias mapping - note0_
          - alias suffix - 0_
          - suffixed key columns - {id1_0_0_}

2017-05-09 04:12:37 DEBUG EntityLoader:115 - Static select for entity com.weather.account.model.Note [PESSIMISTIC_READ]: select note0_.id as id1_0_0_, note0_.date as date2_0_0_, note0_.note as note3_0_0_ from note note0_ where note0_.id=? lock in share mode
2017-05-09 04:12:37 DEBUG QuerySpacesImpl:174 - Adding QuerySpace : uid = <gen:0> -> org.hibernate.loader.plan.build.internal.spaces.EntityQuerySpaceImpl@a93bff3]
2017-05-09 04:12:37 DEBUG MetamodelGraphWalker:137 - Visiting attribute path : date
2017-05-09 04:12:37 DEBUG MetamodelGraphWalker:137 - Visiting attribute path : note
2017-05-09 04:12:37 DEBUG FetchStyleLoadPlanBuildingAssociationVisitationStrategy:150 - Building LoadPlan...
2017-05-09 04:12:37 DEBUG LoadQueryJoinAndFetchProcessor:101 - processing queryspace <gen:0>
2017-05-09 04:12:37 DEBUG LoadPlanTreePrinter:55 - LoadPlan(entity=com.weather.account.model.Note)
    - Returns
       - EntityReturnImpl(entity=com.weather.account.model.Note, querySpaceUid=<gen:0>, path=com.weather.account.model.Note)
    - QuerySpaces
       - EntityQuerySpaceImpl(uid=<gen:0>, entity=com.weather.account.model.Note)
          - SQL table alias mapping - note0_
          - alias suffix - 0_
          - suffixed key columns - {id1_0_0_}

2017-05-09 04:12:37 DEBUG EntityLoader:115 - Static select for entity com.weather.account.model.Note [PESSIMISTIC_WRITE]: select note0_.id as id1_0_0_, note0_.date as date2_0_0_, note0_.note as note3_0_0_ from note note0_ where note0_.id=? for update
2017-05-09 04:12:37 DEBUG QuerySpacesImpl:174 - Adding QuerySpace : uid = <gen:0> -> org.hibernate.loader.plan.build.internal.spaces.EntityQuerySpaceImpl@11ad2e5]
2017-05-09 04:12:37 DEBUG MetamodelGraphWalker:137 - Visiting attribute path : date
2017-05-09 04:12:37 DEBUG MetamodelGraphWalker:137 - Visiting attribute path : note
2017-05-09 04:12:37 DEBUG FetchStyleLoadPlanBuildingAssociationVisitationStrategy:150 - Building LoadPlan...
2017-05-09 04:12:37 DEBUG LoadQueryJoinAndFetchProcessor:101 - processing queryspace <gen:0>
2017-05-09 04:12:37 DEBUG LoadPlanTreePrinter:55 - LoadPlan(entity=com.weather.account.model.Note)
    - Returns
       - EntityReturnImpl(entity=com.weather.account.model.Note, querySpaceUid=<gen:0>, path=com.weather.account.model.Note)
    - QuerySpaces
       - EntityQuerySpaceImpl(uid=<gen:0>, entity=com.weather.account.model.Note)
          - SQL table alias mapping - note0_
          - alias suffix - 0_
          - suffixed key columns - {id1_0_0_}

2017-05-09 04:12:37 DEBUG EntityLoader:115 - Static select for entity com.weather.account.model.Note [PESSIMISTIC_FORCE_INCREMENT]: select note0_.id as id1_0_0_, note0_.date as date2_0_0_, note0_.note as note3_0_0_ from note note0_ where note0_.id=? for update
2017-05-09 04:12:37 DEBUG QuerySpacesImpl:174 - Adding QuerySpace : uid = <gen:0> -> org.hibernate.loader.plan.build.internal.spaces.EntityQuerySpaceImpl@244d0d17]
2017-05-09 04:12:37 DEBUG MetamodelGraphWalker:137 - Visiting attribute path : date
2017-05-09 04:12:37 DEBUG MetamodelGraphWalker:137 - Visiting attribute path : note
2017-05-09 04:12:37 DEBUG FetchStyleLoadPlanBuildingAssociationVisitationStrategy:150 - Building LoadPlan...
2017-05-09 04:12:37 DEBUG LoadQueryJoinAndFetchProcessor:101 - processing queryspace <gen:0>
2017-05-09 04:12:37 DEBUG LoadPlanTreePrinter:55 - LoadPlan(entity=com.weather.account.model.Note)
    - Returns
       - EntityReturnImpl(entity=com.weather.account.model.Note, querySpaceUid=<gen:0>, path=com.weather.account.model.Note)
    - QuerySpaces
       - EntityQuerySpaceImpl(uid=<gen:0>, entity=com.weather.account.model.Note)
          - SQL table alias mapping - note0_
          - alias suffix - 0_
          - suffixed key columns - {id1_0_0_}

2017-05-09 04:12:37 DEBUG EntityLoader:115 - Static select for entity com.weather.account.model.Note [OPTIMISTIC]: select note0_.id as id1_0_0_, note0_.date as date2_0_0_, note0_.note as note3_0_0_ from note note0_ where note0_.id=?
2017-05-09 04:12:37 DEBUG QuerySpacesImpl:174 - Adding QuerySpace : uid = <gen:0> -> org.hibernate.loader.plan.build.internal.spaces.EntityQuerySpaceImpl@78438c09]
2017-05-09 04:12:37 DEBUG MetamodelGraphWalker:137 - Visiting attribute path : date
2017-05-09 04:12:37 DEBUG MetamodelGraphWalker:137 - Visiting attribute path : note
2017-05-09 04:12:37 DEBUG FetchStyleLoadPlanBuildingAssociationVisitationStrategy:150 - Building LoadPlan...
2017-05-09 04:12:37 DEBUG LoadQueryJoinAndFetchProcessor:101 - processing queryspace <gen:0>
2017-05-09 04:12:37 DEBUG LoadPlanTreePrinter:55 - LoadPlan(entity=com.weather.account.model.Note)
    - Returns
       - EntityReturnImpl(entity=com.weather.account.model.Note, querySpaceUid=<gen:0>, path=com.weather.account.model.Note)
    - QuerySpaces
       - EntityQuerySpaceImpl(uid=<gen:0>, entity=com.weather.account.model.Note)
          - SQL table alias mapping - note0_
          - alias suffix - 0_
          - suffixed key columns - {id1_0_0_}

2017-05-09 04:12:37 DEBUG EntityLoader:115 - Static select for entity com.weather.account.model.Note [OPTIMISTIC_FORCE_INCREMENT]: select note0_.id as id1_0_0_, note0_.date as date2_0_0_, note0_.note as note3_0_0_ from note note0_ where note0_.id=?
2017-05-09 04:12:37 DEBUG Loader:38 - Static select for action ACTION_MERGE on entity com.weather.account.model.Note: select note0_.id as id1_0_0_, note0_.date as date2_0_0_, note0_.note as note3_0_0_ from note note0_ where note0_.id=?
2017-05-09 04:12:37 DEBUG Loader:38 - Static select for action ACTION_REFRESH on entity com.weather.account.model.Note: select note0_.id as id1_0_0_, note0_.date as date2_0_0_, note0_.note as note3_0_0_ from note note0_ where note0_.id=?
2017-05-09 04:12:37 DEBUG QuerySpacesImpl:174 - Adding QuerySpace : uid = <gen:0> -> org.hibernate.loader.plan.build.internal.spaces.CollectionQuerySpaceImpl@4e7e417b]
2017-05-09 04:12:37 DEBUG QuerySpacesImpl:174 - Adding QuerySpace : uid = <gen:1> -> org.hibernate.loader.plan.build.internal.spaces.EntityQuerySpaceImpl@32d4137]
2017-05-09 04:12:37 DEBUG MetamodelGraphWalker:137 - Visiting attribute path : email
2017-05-09 04:12:37 DEBUG MetamodelGraphWalker:137 - Visiting attribute path : password
2017-05-09 04:12:37 DEBUG MetamodelGraphWalker:137 - Visiting attribute path : phone
2017-05-09 04:12:37 DEBUG MetamodelGraphWalker:137 - Visiting attribute path : roles
2017-05-09 04:12:37 DEBUG MetamodelGraphWalker:145 - Property path deemed to be circular : roles
2017-05-09 04:12:37 DEBUG MetamodelGraphWalker:137 - Visiting attribute path : username
2017-05-09 04:12:37 DEBUG FetchStyleLoadPlanBuildingAssociationVisitationStrategy:150 - Building LoadPlan...
2017-05-09 04:12:37 DEBUG LoadQueryJoinAndFetchProcessor:101 - processing queryspace <gen:0>
2017-05-09 04:12:37 DEBUG LoadPlanTreePrinter:55 - LoadPlan(collection=com.weather.account.model.Role.users)
    - Returns
       - CollectionReturnImpl(collection=com.weather.account.model.Role.users, querySpaceUid=<gen:0>, path=[com.weather.account.model.Role.users])
          - (collection element) CollectionFetchableElementEntityGraph(entity=com.weather.account.model.User, querySpaceUid=<gen:1>, path=[com.weather.account.model.Role.users].<elements>)
    - QuerySpaces
       - CollectionQuerySpaceImpl(uid=<gen:0>, collection=com.weather.account.model.Role.users)
          - SQL table alias mapping - users0_
          - alias suffix - 0_
          - suffixed key columns - {role_id2_3_0_}
          - entity-element alias suffix - 1_
          - 1_entity-element suffixed key columns - id1_2_1_
          - JOIN (JoinDefinedByMetadata(elements)) : <gen:0> -> <gen:1>
             - EntityQuerySpaceImpl(uid=<gen:1>, entity=com.weather.account.model.User)
                - SQL table alias mapping - user1_
                - alias suffix - 1_
                - suffixed key columns - {id1_2_1_}

2017-05-09 04:12:37 DEBUG CollectionLoader:83 - Static select for collection com.weather.account.model.Role.users: select users0_.role_id as role_id2_3_0_, users0_.user_id as user_id1_3_0_, user1_.id as id1_2_1_, user1_.email as email2_2_1_, user1_.password as password3_2_1_, user1_.phone as phone4_2_1_, user1_.username as username5_2_1_ from user_role users0_ inner join user user1_ on users0_.user_id=user1_.id where users0_.role_id=?
2017-05-09 04:12:37 DEBUG QuerySpacesImpl:174 - Adding QuerySpace : uid = <gen:0> -> org.hibernate.loader.plan.build.internal.spaces.CollectionQuerySpaceImpl@4cd72a7c]
2017-05-09 04:12:37 DEBUG QuerySpacesImpl:174 - Adding QuerySpace : uid = <gen:1> -> org.hibernate.loader.plan.build.internal.spaces.EntityQuerySpaceImpl@5194ccf8]
2017-05-09 04:12:37 DEBUG MetamodelGraphWalker:137 - Visiting attribute path : name
2017-05-09 04:12:37 DEBUG MetamodelGraphWalker:137 - Visiting attribute path : users
2017-05-09 04:12:37 DEBUG MetamodelGraphWalker:145 - Property path deemed to be circular : users
2017-05-09 04:12:37 DEBUG FetchStyleLoadPlanBuildingAssociationVisitationStrategy:150 - Building LoadPlan...
2017-05-09 04:12:37 DEBUG LoadQueryJoinAndFetchProcessor:101 - processing queryspace <gen:0>
2017-05-09 04:12:37 DEBUG LoadPlanTreePrinter:55 - LoadPlan(collection=com.weather.account.model.User.roles)
    - Returns
       - CollectionReturnImpl(collection=com.weather.account.model.User.roles, querySpaceUid=<gen:0>, path=[com.weather.account.model.User.roles])
          - (collection element) CollectionFetchableElementEntityGraph(entity=com.weather.account.model.Role, querySpaceUid=<gen:1>, path=[com.weather.account.model.User.roles].<elements>)
    - QuerySpaces
       - CollectionQuerySpaceImpl(uid=<gen:0>, collection=com.weather.account.model.User.roles)
          - SQL table alias mapping - roles0_
          - alias suffix - 0_
          - suffixed key columns - {user_id1_3_0_}
          - entity-element alias suffix - 1_
          - 1_entity-element suffixed key columns - id1_1_1_
          - JOIN (JoinDefinedByMetadata(elements)) : <gen:0> -> <gen:1>
             - EntityQuerySpaceImpl(uid=<gen:1>, entity=com.weather.account.model.Role)
                - SQL table alias mapping - role1_
                - alias suffix - 1_
                - suffixed key columns - {id1_1_1_}

2017-05-09 04:12:37 DEBUG CollectionLoader:83 - Static select for collection com.weather.account.model.User.roles: select roles0_.user_id as user_id1_3_0_, roles0_.role_id as role_id2_3_0_, role1_.id as id1_1_1_, role1_.name as name2_1_1_ from user_role roles0_ inner join role role1_ on roles0_.role_id=role1_.id where roles0_.user_id=?
2017-05-09 04:12:37 DEBUG SchemaManagementToolCoordinator:56 - No actions specified; doing nothing
2017-05-09 04:12:37 DEBUG JtaPlatformInitiator:42 - No JtaPlatform was specified, checking resolver
2017-05-09 04:12:37 DEBUG JtaPlatformResolverInitiator:33 - No JtaPlatformResolver was specified, using default [org.hibernate.engine.transaction.jta.platform.internal.StandardJtaPlatformResolver]
2017-05-09 04:12:37 DEBUG StandardJtaPlatformResolver:102 - Could not resolve JtaPlatform, using default [org.hibernate.engine.transaction.jta.platform.internal.NoJtaPlatform]
2017-05-09 04:12:37 DEBUG NamedQueryRepository:151 - Checking 0 named HQL queries
2017-05-09 04:12:37 DEBUG NamedQueryRepository:167 - Checking 0 named SQL queries
2017-05-09 04:12:37 DEBUG SessionFactoryRegistry:52 - Initializing SessionFactoryRegistry : org.hibernate.internal.SessionFactoryRegistry@70fc1a88
2017-05-09 04:12:37 DEBUG SessionFactoryRegistry:74 - Registering SessionFactory: 61ad1c03-485a-4227-8cd5-451efcf4e69b (<unnamed>)
2017-05-09 04:12:37 DEBUG SessionFactoryRegistry:81 - Not binding SessionFactory to JNDI, no JNDI name configured
2017-05-09 04:12:37 DEBUG DefaultTraversableResolver:103 - Found javax.persistence.Persistence on classpath containing 'getPersistenceUtil'. Assuming JPA 2 environment. Trying to instantiate JPA aware TraversableResolver
2017-05-09 04:12:37 DEBUG DefaultTraversableResolver:114 - Instantiated JPA aware TraversableResolver of type org.hibernate.validator.internal.engine.resolver.JPATraversableResolver.
2017-05-09 04:12:37 DEBUG ConfigurationImpl:163 - Setting custom MessageInterpolator of type org.springframework.validation.beanvalidation.LocaleContextMessageInterpolator
2017-05-09 04:12:37 DEBUG ConfigurationImpl:185 - Setting custom ConstraintValidatorFactory of type org.springframework.validation.beanvalidation.SpringConstraintValidatorFactory
2017-05-09 04:12:37 DEBUG ConfigurationImpl:199 - Setting custom ParameterNameProvider of type com.sun.proxy.$Proxy48
2017-05-09 04:12:37 DEBUG ValidationXmlParser:103 - Trying to load META-INF/validation.xml for XML based Validator configuration.
2017-05-09 04:12:37 DEBUG ResourceLoaderHelper:51 - Trying to load META-INF/validation.xml via user class loader
2017-05-09 04:12:37 DEBUG ResourceLoaderHelper:58 - Trying to load META-INF/validation.xml via TCCL
2017-05-09 04:12:37 DEBUG ResourceLoaderHelper:64 - Trying to load META-INF/validation.xml via Hibernate Validator's class loader
2017-05-09 04:12:37 DEBUG ValidationXmlParser:110 - No META-INF/validation.xml found. Using annotation based configuration only.
2017-05-09 04:12:38 DEBUG StatisticsInitiator:82 - Statistics initialized [enabled=false]
2017-05-09 04:13:55 DEBUG BaseController:159 - Auto login kjkjkjk successfully!
2017-05-09 04:13:55 DEBUG TransactionImpl:55 - begin
2017-05-09 04:13:55 DEBUG ActionQueue:279 - Executing identity-insert immediately
2017-05-09 04:13:55 DEBUG SQL:92 - insert into note (date, note) values (?, ?)
2017-05-09 04:13:55 DEBUG IdentifierGeneratorHelper:78 - Natively generated identity: 5
2017-05-09 04:13:55 DEBUG ResourceRegistryStandardImpl:104 - HHH000387: ResultSet's statement was not registered
2017-05-09 04:13:55 DEBUG TransactionImpl:66 - committing
2017-05-09 04:13:55 DEBUG AbstractFlushingEventListener:132 - Processing flush-time cascades
2017-05-09 04:13:55 DEBUG AbstractFlushingEventListener:174 - Dirty checking collections
2017-05-09 04:13:55 DEBUG AbstractFlushingEventListener:106 - Flushed: 0 insertions, 0 updates, 0 deletions to 1 objects
2017-05-09 04:13:55 DEBUG AbstractFlushingEventListener:113 - Flushed: 0 (re)creations, 0 updates, 0 removals to 0 collections
2017-05-09 04:13:55 DEBUG EntityPrinter:102 - Listing entities:
2017-05-09 04:13:55 DEBUG EntityPrinter:109 - com.weather.account.model.Note{date=hiiiiiiiiiii, note=kjkjkjk, id=5}
2017-05-09 04:17:00 DEBUG SessionFactoryImpl:733 - HHH000031: Closing
2017-05-09 04:17:00 DEBUG CascadeStyles:268 - External cascade style regsitration [persist : STYLE_PERSIST] overrode base registration [STYLE_PERSIST_SKIPLAZY]
2017-05-09 04:17:00 DEBUG AbstractServiceRegistryImpl:414 - Implicitly destroying ServiceRegistry on de-registration of all child ServiceRegistries
2017-05-09 04:17:00 DEBUG BootstrapServiceRegistryImpl:295 - Implicitly destroying Boot-strap registry on de-registration of all child ServiceRegistries
